<?xml version="1.0" encoding="UTF-8"?>
<!-- Generated by org.testng.reporters.JUnitReportReporter -->
<testsuite hostname="Shumi-Shehzaad" failures="0" tests="1" name="testCases.Ecommerce" time="56.301" errors="0" timestamp="2022-01-28T02:14:05 EST" skipped="0">
  <testcase classname="testCases.Ecommerce" name="mySecondTest" time="56.301"/>
  <system-out/>
</testsuite> <!-- testCases.Ecommerce -->
